<?xml version="1.0" encoding="UTF-8"?>
<testng-results skipped="0" failed="0" total="1" passed="1">
  <reporter-output>
    <line>
      <![CDATA[from city selected]]>
    </line>
    <line>
      <![CDATA[mumbai city selected]]>
    </line>
    <line>
      <![CDATA[month selected]]>
    </line>
    <line>
      <![CDATA[sidewidget selected]]>
    </line>
    <line>
      <![CDATA[Review page shown]]>
    </line>
    <line>
      <![CDATA[Test completed]]>
    </line>
  </reporter-output>
  <suite name="Default suite" duration-ms="28728" started-at="2020-06-24T13:27:01Z" finished-at="2020-06-24T13:27:30Z">
    <groups>
      <group name="Assignment1">
        <method signature="Task3A1.testq()[pri:0, instance:com.wipro.selenium.Task3A1@2a18f23c]" name="testq" class="com.wipro.selenium.Task3A1"/>
      </group> <!-- Assignment1 -->
      <group name="mandatory">
        <method signature="Task3A1.testq()[pri:0, instance:com.wipro.selenium.Task3A1@2a18f23c]" name="testq" class="com.wipro.selenium.Task3A1"/>
      </group> <!-- mandatory -->
    </groups>
    <test name="Default test" duration-ms="28728" started-at="2020-06-24T13:27:01Z" finished-at="2020-06-24T13:27:30Z">
      <class name="com.wipro.selenium.Task3A1">
        <test-method status="PASS" signature="testq()[pri:0, instance:com.wipro.selenium.Task3A1@2a18f23c]" name="testq" duration-ms="28709" started-at="2020-06-24T18:57:01Z" finished-at="2020-06-24T18:57:30Z">
          <reporter-output>
            <line>
              <![CDATA[from city selected]]>
            </line>
            <line>
              <![CDATA[mumbai city selected]]>
            </line>
            <line>
              <![CDATA[month selected]]>
            </line>
            <line>
              <![CDATA[sidewidget selected]]>
            </line>
            <line>
              <![CDATA[Review page shown]]>
            </line>
            <line>
              <![CDATA[Test completed]]>
            </line>
          </reporter-output>
        </test-method> <!-- testq -->
      </class> <!-- com.wipro.selenium.Task3A1 -->
    </test> <!-- Default test -->
  </suite> <!-- Default suite -->
</testng-results>
